2019-10-10 15:57:12.007 [main] INFO  c.q.inkman_computer.InkManComputerApplicationTests - Starting InkManComputerApplicationTests on DESKTOP-JMR9UNQ with PID 10556 (started by Admin in D:\工作站\SpringBoot\ink-man_computer)
2019-10-10 15:57:12.010 [main] INFO  c.q.inkman_computer.InkManComputerApplicationTests - No active profile set, falling back to default profiles: default
2019-10-10 15:57:15.155 [main] INFO  o.s.scheduling.concurrent.ThreadPoolTaskExecutor - Initializing ExecutorService 'applicationTaskExecutor'
2019-10-10 15:57:16.541 [main] INFO  c.q.inkman_computer.InkManComputerApplicationTests - Started InkManComputerApplicationTests in 5.637 seconds (JVM running for 10.564)
2019-10-10 15:57:17.046 [Thread-2] INFO  o.s.scheduling.concurrent.ThreadPoolTaskExecutor - Shutting down ExecutorService 'applicationTaskExecutor'
2019-10-10 15:58:35.545 [main] INFO  c.q.inkman_computer.InkManComputerApplicationTests - Starting InkManComputerApplicationTests on DESKTOP-JMR9UNQ with PID 220 (started by Admin in D:\工作站\SpringBoot\ink-man_computer)
2019-10-10 15:58:35.556 [main] INFO  c.q.inkman_computer.InkManComputerApplicationTests - No active profile set, falling back to default profiles: default
2019-10-10 15:58:39.004 [main] INFO  o.s.scheduling.concurrent.ThreadPoolTaskExecutor - Initializing ExecutorService 'applicationTaskExecutor'
2019-10-10 15:58:40.452 [main] INFO  c.q.inkman_computer.InkManComputerApplicationTests - Started InkManComputerApplicationTests in 5.924 seconds (JVM running for 7.564)
2019-10-10 15:58:41.196 [Thread-2] INFO  o.s.scheduling.concurrent.ThreadPoolTaskExecutor - Shutting down ExecutorService 'applicationTaskExecutor'
2019-10-10 16:23:58.398 [main] INFO  c.q.inkman_computer.InkManComputerApplicationTests - Starting InkManComputerApplicationTests on DESKTOP-JMR9UNQ with PID 12576 (started by Admin in D:\工作站\SpringBoot\ink-man_computer)
2019-10-10 16:23:58.406 [main] INFO  c.q.inkman_computer.InkManComputerApplicationTests - No active profile set, falling back to default profiles: default
2019-10-10 16:24:02.916 [main] INFO  o.s.scheduling.concurrent.ThreadPoolTaskExecutor - Initializing ExecutorService 'applicationTaskExecutor'
2019-10-10 16:24:05.095 [main] INFO  c.q.inkman_computer.InkManComputerApplicationTests - Started InkManComputerApplicationTests in 7.916 seconds (JVM running for 9.653)
2019-10-10 16:24:05.660 [Thread-2] INFO  o.s.scheduling.concurrent.ThreadPoolTaskExecutor - Shutting down ExecutorService 'applicationTaskExecutor'
2019-10-10 16:24:21.258 [main] INFO  c.q.inkman_computer.InkManComputerApplicationTests - Starting InkManComputerApplicationTests on DESKTOP-JMR9UNQ with PID 13132 (started by Admin in D:\工作站\SpringBoot\ink-man_computer)
2019-10-10 16:24:21.263 [main] INFO  c.q.inkman_computer.InkManComputerApplicationTests - No active profile set, falling back to default profiles: default
2019-10-10 16:24:24.192 [main] INFO  o.s.scheduling.concurrent.ThreadPoolTaskExecutor - Initializing ExecutorService 'applicationTaskExecutor'
2019-10-10 16:24:26.236 [main] INFO  c.q.inkman_computer.InkManComputerApplicationTests - Started InkManComputerApplicationTests in 6.225 seconds (JVM running for 7.977)
2019-10-10 16:24:26.613 [Thread-2] INFO  o.s.scheduling.concurrent.ThreadPoolTaskExecutor - Shutting down ExecutorService 'applicationTaskExecutor'
2019-10-10 16:26:41.724 [main] INFO  c.q.inkman_computer.InkManComputerApplicationTests - Starting InkManComputerApplicationTests on DESKTOP-JMR9UNQ with PID 10092 (started by Admin in D:\工作站\SpringBoot\ink-man_computer)
2019-10-10 16:26:41.727 [main] INFO  c.q.inkman_computer.InkManComputerApplicationTests - No active profile set, falling back to default profiles: default
2019-10-10 16:26:44.792 [main] INFO  o.s.scheduling.concurrent.ThreadPoolTaskExecutor - Initializing ExecutorService 'applicationTaskExecutor'
2019-10-10 16:26:46.036 [main] INFO  c.q.inkman_computer.InkManComputerApplicationTests - Started InkManComputerApplicationTests in 5.506 seconds (JVM running for 7.332)
2019-10-10 16:26:46.355 [Thread-2] INFO  o.s.scheduling.concurrent.ThreadPoolTaskExecutor - Shutting down ExecutorService 'applicationTaskExecutor'
2019-10-10 16:28:59.888 [main] INFO  c.q.inkman_computer.InkManComputerApplicationTests - Starting InkManComputerApplicationTests on DESKTOP-JMR9UNQ with PID 7204 (started by Admin in D:\工作站\SpringBoot\ink-man_computer)
2019-10-10 16:28:59.891 [main] INFO  c.q.inkman_computer.InkManComputerApplicationTests - No active profile set, falling back to default profiles: default
2019-10-10 16:29:05.684 [main] INFO  o.s.scheduling.concurrent.ThreadPoolTaskExecutor - Initializing ExecutorService 'applicationTaskExecutor'
2019-10-10 16:29:07.594 [main] INFO  c.q.inkman_computer.InkManComputerApplicationTests - Started InkManComputerApplicationTests in 8.986 seconds (JVM running for 10.828)
2019-10-10 16:29:08.410 [Thread-2] INFO  o.s.scheduling.concurrent.ThreadPoolTaskExecutor - Shutting down ExecutorService 'applicationTaskExecutor'
2019-10-10 16:38:14.224 [main] INFO  c.q.inkman_computer.InkManComputerApplicationTests - Starting InkManComputerApplicationTests on DESKTOP-JMR9UNQ with PID 11684 (started by Admin in D:\工作站\SpringBoot\ink-man_computer)
2019-10-10 16:38:14.226 [main] INFO  c.q.inkman_computer.InkManComputerApplicationTests - No active profile set, falling back to default profiles: default
2019-10-10 16:38:17.711 [main] INFO  o.s.scheduling.concurrent.ThreadPoolTaskExecutor - Initializing ExecutorService 'applicationTaskExecutor'
2019-10-10 16:38:18.479 [main] INFO  c.q.inkman_computer.InkManComputerApplicationTests - Started InkManComputerApplicationTests in 5.611 seconds (JVM running for 7.794)
2019-10-10 16:38:18.888 [Thread-3] INFO  o.s.scheduling.concurrent.ThreadPoolTaskExecutor - Shutting down ExecutorService 'applicationTaskExecutor'
2019-10-10 16:39:01.680 [main] INFO  c.q.inkman_computer.InkManComputerApplicationTests - Starting InkManComputerApplicationTests on DESKTOP-JMR9UNQ with PID 12632 (started by Admin in D:\工作站\SpringBoot\ink-man_computer)
2019-10-10 16:39:01.683 [main] INFO  c.q.inkman_computer.InkManComputerApplicationTests - No active profile set, falling back to default profiles: default
2019-10-10 16:39:06.778 [main] INFO  o.s.scheduling.concurrent.ThreadPoolTaskExecutor - Initializing ExecutorService 'applicationTaskExecutor'
2019-10-10 16:39:07.915 [main] INFO  c.q.inkman_computer.InkManComputerApplicationTests - Started InkManComputerApplicationTests in 8.337 seconds (JVM running for 10.156)
2019-10-10 16:39:08.898 [Thread-3] INFO  o.s.scheduling.concurrent.ThreadPoolTaskExecutor - Shutting down ExecutorService 'applicationTaskExecutor'
2019-10-10 16:39:42.193 [main] INFO  c.q.inkman_computer.InkManComputerApplicationTests - Starting InkManComputerApplicationTests on DESKTOP-JMR9UNQ with PID 12816 (started by Admin in D:\工作站\SpringBoot\ink-man_computer)
2019-10-10 16:39:42.195 [main] INFO  c.q.inkman_computer.InkManComputerApplicationTests - No active profile set, falling back to default profiles: default
2019-10-10 16:39:45.492 [main] INFO  o.s.scheduling.concurrent.ThreadPoolTaskExecutor - Initializing ExecutorService 'applicationTaskExecutor'
2019-10-10 16:39:46.259 [main] INFO  c.q.inkman_computer.InkManComputerApplicationTests - Started InkManComputerApplicationTests in 5.287 seconds (JVM running for 7.04)
2019-10-10 16:39:46.583 [Thread-3] INFO  o.s.scheduling.concurrent.ThreadPoolTaskExecutor - Shutting down ExecutorService 'applicationTaskExecutor'
2019-10-10 16:40:05.386 [main] INFO  c.q.inkman_computer.InkManComputerApplicationTests - Starting InkManComputerApplicationTests on DESKTOP-JMR9UNQ with PID 1236 (started by Admin in D:\工作站\SpringBoot\ink-man_computer)
2019-10-10 16:40:05.391 [main] INFO  c.q.inkman_computer.InkManComputerApplicationTests - No active profile set, falling back to default profiles: default
2019-10-10 16:40:09.354 [main] INFO  o.s.scheduling.concurrent.ThreadPoolTaskExecutor - Initializing ExecutorService 'applicationTaskExecutor'
2019-10-10 16:40:10.288 [main] INFO  c.q.inkman_computer.InkManComputerApplicationTests - Started InkManComputerApplicationTests in 6.618 seconds (JVM running for 9.545)
2019-10-10 16:40:10.615 [Thread-3] INFO  o.s.scheduling.concurrent.ThreadPoolTaskExecutor - Shutting down ExecutorService 'applicationTaskExecutor'
2019-10-10 16:40:29.231 [main] INFO  c.q.inkman_computer.InkManComputerApplicationTests - Starting InkManComputerApplicationTests on DESKTOP-JMR9UNQ with PID 3464 (started by Admin in D:\工作站\SpringBoot\ink-man_computer)
2019-10-10 16:40:29.233 [main] INFO  c.q.inkman_computer.InkManComputerApplicationTests - No active profile set, falling back to default profiles: default
2019-10-10 16:40:32.774 [main] INFO  o.s.scheduling.concurrent.ThreadPoolTaskExecutor - Initializing ExecutorService 'applicationTaskExecutor'
2019-10-10 16:40:33.626 [main] INFO  c.q.inkman_computer.InkManComputerApplicationTests - Started InkManComputerApplicationTests in 5.763 seconds (JVM running for 7.59)
2019-10-10 16:40:33.958 [Thread-3] INFO  o.s.scheduling.concurrent.ThreadPoolTaskExecutor - Shutting down ExecutorService 'applicationTaskExecutor'
2019-10-10 16:41:08.455 [main] INFO  c.q.inkman_computer.InkManComputerApplicationTests - Starting InkManComputerApplicationTests on DESKTOP-JMR9UNQ with PID 9712 (started by Admin in D:\工作站\SpringBoot\ink-man_computer)
2019-10-10 16:41:08.457 [main] INFO  c.q.inkman_computer.InkManComputerApplicationTests - No active profile set, falling back to default profiles: default
2019-10-10 16:41:12.255 [main] INFO  o.s.scheduling.concurrent.ThreadPoolTaskExecutor - Initializing ExecutorService 'applicationTaskExecutor'
2019-10-10 16:41:13.065 [main] INFO  c.q.inkman_computer.InkManComputerApplicationTests - Started InkManComputerApplicationTests in 5.986 seconds (JVM running for 8.231)
2019-10-10 16:41:13.459 [Thread-3] INFO  o.s.scheduling.concurrent.ThreadPoolTaskExecutor - Shutting down ExecutorService 'applicationTaskExecutor'
2019-10-10 16:42:49.127 [main] INFO  c.q.inkman_computer.InkManComputerApplicationTests - Starting InkManComputerApplicationTests on DESKTOP-JMR9UNQ with PID 3092 (started by Admin in D:\工作站\SpringBoot\ink-man_computer)
2019-10-10 16:42:49.129 [main] INFO  c.q.inkman_computer.InkManComputerApplicationTests - No active profile set, falling back to default profiles: default
2019-10-10 16:42:52.531 [main] INFO  o.s.scheduling.concurrent.ThreadPoolTaskExecutor - Initializing ExecutorService 'applicationTaskExecutor'
2019-10-10 16:42:53.288 [main] INFO  c.q.inkman_computer.InkManComputerApplicationTests - Started InkManComputerApplicationTests in 5.473 seconds (JVM running for 7.252)
2019-10-10 16:42:53.599 [Thread-3] INFO  o.s.scheduling.concurrent.ThreadPoolTaskExecutor - Shutting down ExecutorService 'applicationTaskExecutor'
2019-10-10 16:45:42.662 [main] INFO  c.q.inkman_computer.InkManComputerApplicationTests - Starting InkManComputerApplicationTests on DESKTOP-JMR9UNQ with PID 10972 (started by Admin in D:\工作站\SpringBoot\ink-man_computer)
2019-10-10 16:45:42.665 [main] INFO  c.q.inkman_computer.InkManComputerApplicationTests - No active profile set, falling back to default profiles: default
2019-10-10 16:45:46.272 [main] INFO  o.s.scheduling.concurrent.ThreadPoolTaskExecutor - Initializing ExecutorService 'applicationTaskExecutor'
2019-10-10 16:45:47.276 [main] INFO  c.q.inkman_computer.InkManComputerApplicationTests - Started InkManComputerApplicationTests in 6.049 seconds (JVM running for 7.9)
2019-10-10 16:45:48.018 [Thread-3] INFO  o.s.scheduling.concurrent.ThreadPoolTaskExecutor - Shutting down ExecutorService 'applicationTaskExecutor'
2019-10-10 16:48:16.470 [main] INFO  c.q.inkman_computer.InkManComputerApplicationTests - Starting InkManComputerApplicationTests on DESKTOP-JMR9UNQ with PID 10644 (started by Admin in D:\工作站\SpringBoot\ink-man_computer)
2019-10-10 16:48:16.472 [main] INFO  c.q.inkman_computer.InkManComputerApplicationTests - No active profile set, falling back to default profiles: default
2019-10-10 16:48:20.584 [main] INFO  o.s.scheduling.concurrent.ThreadPoolTaskExecutor - Initializing ExecutorService 'applicationTaskExecutor'
2019-10-10 16:48:21.389 [main] INFO  c.q.inkman_computer.InkManComputerApplicationTests - Started InkManComputerApplicationTests in 6.28 seconds (JVM running for 8.049)
2019-10-10 16:48:21.760 [Thread-3] INFO  o.s.scheduling.concurrent.ThreadPoolTaskExecutor - Shutting down ExecutorService 'applicationTaskExecutor'
2019-10-10 16:55:19.342 [main] INFO  c.q.inkman_computer.InkManComputerApplicationTests - Starting InkManComputerApplicationTests on DESKTOP-JMR9UNQ with PID 5544 (started by Admin in D:\工作站\SpringBoot\ink-man_computer)
2019-10-10 16:55:19.345 [main] INFO  c.q.inkman_computer.InkManComputerApplicationTests - No active profile set, falling back to default profiles: default
2019-10-10 16:55:24.620 [main] INFO  o.s.scheduling.concurrent.ThreadPoolTaskExecutor - Initializing ExecutorService 'applicationTaskExecutor'
2019-10-10 16:55:26.340 [main] INFO  c.q.inkman_computer.InkManComputerApplicationTests - Started InkManComputerApplicationTests in 8.609 seconds (JVM running for 10.951)
2019-10-10 16:55:27.506 [main] INFO  com.alibaba.druid.pool.DruidDataSource - {dataSource-1} inited
2019-10-10 16:55:27.793 [Thread-3] INFO  o.s.scheduling.concurrent.ThreadPoolTaskExecutor - Shutting down ExecutorService 'applicationTaskExecutor'
2019-10-10 17:06:12.136 [main] INFO  c.q.inkman_computer.InkManComputerApplicationTests - Starting InkManComputerApplicationTests on DESKTOP-JMR9UNQ with PID 13652 (started by Admin in D:\工作站\SpringBoot\ink-man_computer)
2019-10-10 17:06:12.138 [main] INFO  c.q.inkman_computer.InkManComputerApplicationTests - No active profile set, falling back to default profiles: default
2019-10-10 17:06:15.302 [main] INFO  o.s.scheduling.concurrent.ThreadPoolTaskExecutor - Initializing ExecutorService 'applicationTaskExecutor'
2019-10-10 17:06:16.177 [main] INFO  c.q.inkman_computer.InkManComputerApplicationTests - Started InkManComputerApplicationTests in 5.44 seconds (JVM running for 7.495)
2019-10-10 17:06:16.304 [Thread-3] INFO  o.s.scheduling.concurrent.ThreadPoolTaskExecutor - Shutting down ExecutorService 'applicationTaskExecutor'
2019-10-10 17:10:09.327 [main] INFO  c.q.inkman_computer.InkManComputerApplicationTests - Starting InkManComputerApplicationTests on DESKTOP-JMR9UNQ with PID 13772 (started by Admin in D:\工作站\SpringBoot\ink-man_computer)
2019-10-10 17:10:09.329 [main] INFO  c.q.inkman_computer.InkManComputerApplicationTests - No active profile set, falling back to default profiles: default
2019-10-10 17:10:12.915 [main] INFO  o.s.scheduling.concurrent.ThreadPoolTaskExecutor - Initializing ExecutorService 'applicationTaskExecutor'
2019-10-10 17:10:13.730 [main] INFO  c.q.inkman_computer.InkManComputerApplicationTests - Started InkManComputerApplicationTests in 5.657 seconds (JVM running for 7.77)
2019-10-10 17:10:14.126 [Thread-3] INFO  o.s.scheduling.concurrent.ThreadPoolTaskExecutor - Shutting down ExecutorService 'applicationTaskExecutor'
2019-10-10 17:12:51.068 [main] INFO  c.q.inkman_computer.InkManComputerApplicationTests - Starting InkManComputerApplicationTests on DESKTOP-JMR9UNQ with PID 12860 (started by Admin in D:\工作站\SpringBoot\ink-man_computer)
2019-10-10 17:12:51.070 [main] INFO  c.q.inkman_computer.InkManComputerApplicationTests - No active profile set, falling back to default profiles: default
2019-10-10 17:12:54.363 [main] INFO  o.s.scheduling.concurrent.ThreadPoolTaskExecutor - Initializing ExecutorService 'applicationTaskExecutor'
2019-10-10 17:12:55.169 [main] INFO  c.q.inkman_computer.InkManComputerApplicationTests - Started InkManComputerApplicationTests in 5.47 seconds (JVM running for 7.285)
2019-10-10 17:12:55.487 [main] INFO  com.zaxxer.hikari.HikariDataSource - HikariPool-1 - Starting...
2019-10-10 17:12:55.738 [main] INFO  com.zaxxer.hikari.HikariDataSource - HikariPool-1 - Start completed.
2019-10-10 17:12:55.858 [Thread-3] INFO  o.s.scheduling.concurrent.ThreadPoolTaskExecutor - Shutting down ExecutorService 'applicationTaskExecutor'
2019-10-10 17:12:55.862 [Thread-3] INFO  com.zaxxer.hikari.HikariDataSource - HikariPool-1 - Shutdown initiated...
2019-10-10 17:12:55.887 [Thread-3] INFO  com.zaxxer.hikari.HikariDataSource - HikariPool-1 - Shutdown completed.
2019-10-10 17:13:11.507 [main] INFO  c.q.inkman_computer.InkManComputerApplicationTests - Starting InkManComputerApplicationTests on DESKTOP-JMR9UNQ with PID 14180 (started by Admin in D:\工作站\SpringBoot\ink-man_computer)
2019-10-10 17:13:11.516 [main] INFO  c.q.inkman_computer.InkManComputerApplicationTests - No active profile set, falling back to default profiles: default
2019-10-10 17:13:14.893 [main] INFO  o.s.scheduling.concurrent.ThreadPoolTaskExecutor - Initializing ExecutorService 'applicationTaskExecutor'
2019-10-10 17:13:15.717 [main] INFO  c.q.inkman_computer.InkManComputerApplicationTests - Started InkManComputerApplicationTests in 5.534 seconds (JVM running for 7.463)
2019-10-10 17:13:16.076 [main] INFO  com.zaxxer.hikari.HikariDataSource - HikariPool-1 - Starting...
2019-10-10 17:13:16.426 [main] INFO  com.zaxxer.hikari.HikariDataSource - HikariPool-1 - Start completed.
2019-10-10 17:13:16.575 [Thread-3] INFO  o.s.scheduling.concurrent.ThreadPoolTaskExecutor - Shutting down ExecutorService 'applicationTaskExecutor'
2019-10-10 17:13:16.580 [Thread-3] INFO  com.zaxxer.hikari.HikariDataSource - HikariPool-1 - Shutdown initiated...
2019-10-10 17:13:16.601 [Thread-3] INFO  com.zaxxer.hikari.HikariDataSource - HikariPool-1 - Shutdown completed.
2019-10-10 17:14:36.964 [main] INFO  c.q.inkman_computer.InkManComputerApplicationTests - Starting InkManComputerApplicationTests on DESKTOP-JMR9UNQ with PID 12552 (started by Admin in D:\工作站\SpringBoot\ink-man_computer)
2019-10-10 17:14:36.976 [main] INFO  c.q.inkman_computer.InkManComputerApplicationTests - No active profile set, falling back to default profiles: default
2019-10-10 17:14:40.728 [main] INFO  o.s.scheduling.concurrent.ThreadPoolTaskExecutor - Initializing ExecutorService 'applicationTaskExecutor'
2019-10-10 17:14:41.611 [main] INFO  c.q.inkman_computer.InkManComputerApplicationTests - Started InkManComputerApplicationTests in 5.984 seconds (JVM running for 7.95)
2019-10-10 17:14:41.936 [Thread-3] INFO  o.s.scheduling.concurrent.ThreadPoolTaskExecutor - Shutting down ExecutorService 'applicationTaskExecutor'
2019-10-10 17:15:17.999 [main] INFO  c.q.inkman_computer.InkManComputerApplicationTests - Starting InkManComputerApplicationTests on DESKTOP-JMR9UNQ with PID 5660 (started by Admin in D:\工作站\SpringBoot\ink-man_computer)
2019-10-10 17:15:18.001 [main] INFO  c.q.inkman_computer.InkManComputerApplicationTests - No active profile set, falling back to default profiles: default
2019-10-10 17:15:21.383 [main] INFO  o.s.scheduling.concurrent.ThreadPoolTaskExecutor - Initializing ExecutorService 'applicationTaskExecutor'
2019-10-10 17:15:22.207 [main] INFO  c.q.inkman_computer.InkManComputerApplicationTests - Started InkManComputerApplicationTests in 5.531 seconds (JVM running for 7.195)
2019-10-10 17:15:22.552 [Thread-3] INFO  o.s.scheduling.concurrent.ThreadPoolTaskExecutor - Shutting down ExecutorService 'applicationTaskExecutor'
2019-10-10 17:15:36.950 [main] INFO  c.q.inkman_computer.InkManComputerApplicationTests - Starting InkManComputerApplicationTests on DESKTOP-JMR9UNQ with PID 8984 (started by Admin in D:\工作站\SpringBoot\ink-man_computer)
2019-10-10 17:15:36.955 [main] INFO  c.q.inkman_computer.InkManComputerApplicationTests - No active profile set, falling back to default profiles: default
2019-10-10 17:15:40.336 [main] INFO  o.s.scheduling.concurrent.ThreadPoolTaskExecutor - Initializing ExecutorService 'applicationTaskExecutor'
2019-10-10 17:15:41.184 [main] INFO  c.q.inkman_computer.InkManComputerApplicationTests - Started InkManComputerApplicationTests in 5.583 seconds (JVM running for 7.385)
2019-10-10 17:15:41.518 [Thread-3] INFO  o.s.scheduling.concurrent.ThreadPoolTaskExecutor - Shutting down ExecutorService 'applicationTaskExecutor'
2019-10-10 17:18:20.978 [main] INFO  c.q.inkman_computer.InkManComputerApplicationTests - Starting InkManComputerApplicationTests on DESKTOP-JMR9UNQ with PID 13740 (started by Admin in D:\工作站\SpringBoot\ink-man_computer)
2019-10-10 17:18:20.980 [main] INFO  c.q.inkman_computer.InkManComputerApplicationTests - No active profile set, falling back to default profiles: default
2019-10-10 17:18:24.543 [main] INFO  o.s.scheduling.concurrent.ThreadPoolTaskExecutor - Initializing ExecutorService 'applicationTaskExecutor'
2019-10-10 17:18:25.373 [main] INFO  c.q.inkman_computer.InkManComputerApplicationTests - Started InkManComputerApplicationTests in 5.749 seconds (JVM running for 7.494)
2019-10-10 17:18:25.671 [Thread-3] INFO  o.s.scheduling.concurrent.ThreadPoolTaskExecutor - Shutting down ExecutorService 'applicationTaskExecutor'
2019-10-10 17:26:32.628 [main] INFO  c.q.inkman_computer.InkManComputerApplicationTests - Starting InkManComputerApplicationTests on DESKTOP-JMR9UNQ with PID 13980 (started by Admin in D:\工作站\SpringBoot\ink-man_computer)
2019-10-10 17:26:32.632 [main] INFO  c.q.inkman_computer.InkManComputerApplicationTests - No active profile set, falling back to default profiles: default
2019-10-10 17:26:36.257 [main] INFO  o.s.scheduling.concurrent.ThreadPoolTaskExecutor - Initializing ExecutorService 'applicationTaskExecutor'
2019-10-10 17:26:37.103 [main] INFO  c.q.inkman_computer.InkManComputerApplicationTests - Started InkManComputerApplicationTests in 5.863 seconds (JVM running for 7.596)
2019-10-10 17:26:37.506 [main] INFO  com.zaxxer.hikari.HikariDataSource - HikariPool-1 - Starting...
2019-10-10 17:26:37.803 [main] INFO  com.zaxxer.hikari.HikariDataSource - HikariPool-1 - Start completed.
2019-10-10 17:26:37.964 [Thread-3] INFO  o.s.scheduling.concurrent.ThreadPoolTaskExecutor - Shutting down ExecutorService 'applicationTaskExecutor'
2019-10-10 17:26:37.975 [Thread-3] INFO  com.zaxxer.hikari.HikariDataSource - HikariPool-1 - Shutdown initiated...
2019-10-10 17:26:38.004 [Thread-3] INFO  com.zaxxer.hikari.HikariDataSource - HikariPool-1 - Shutdown completed.
