2019-10-11 11:42:32.946 [main] INFO  c.q.inkman_computer.InkManComputerApplicationTests - Starting InkManComputerApplicationTests on DESKTOP-JMR9UNQ with PID 10080 (started by Admin in D:\工作站\SpringBoot\ink-man_computer)
2019-10-11 11:42:32.975 [main] INFO  c.q.inkman_computer.InkManComputerApplicationTests - No active profile set, falling back to default profiles: default
2019-10-11 11:42:36.870 [main] INFO  o.s.scheduling.concurrent.ThreadPoolTaskExecutor - Initializing ExecutorService 'applicationTaskExecutor'
2019-10-11 11:42:37.955 [main] INFO  c.q.inkman_computer.InkManComputerApplicationTests - Started InkManComputerApplicationTests in 6.646 seconds (JVM running for 9.355)
2019-10-11 11:42:38.372 [Thread-3] INFO  o.s.scheduling.concurrent.ThreadPoolTaskExecutor - Shutting down ExecutorService 'applicationTaskExecutor'
2019-10-11 11:44:28.266 [main] INFO  c.q.inkman_computer.InkManComputerApplicationTests - Starting InkManComputerApplicationTests on DESKTOP-JMR9UNQ with PID 2180 (started by Admin in D:\工作站\SpringBoot\ink-man_computer)
2019-10-11 11:44:28.270 [main] INFO  c.q.inkman_computer.InkManComputerApplicationTests - No active profile set, falling back to default profiles: default
2019-10-11 11:44:31.867 [main] INFO  o.s.scheduling.concurrent.ThreadPoolTaskExecutor - Initializing ExecutorService 'applicationTaskExecutor'
2019-10-11 11:44:32.828 [main] INFO  c.q.inkman_computer.InkManComputerApplicationTests - Started InkManComputerApplicationTests in 6.008 seconds (JVM running for 7.935)
2019-10-11 11:44:33.211 [Thread-3] INFO  o.s.scheduling.concurrent.ThreadPoolTaskExecutor - Shutting down ExecutorService 'applicationTaskExecutor'
2019-10-11 11:57:12.319 [main] INFO  c.q.inkman_computer.InkManComputerApplicationTests - Starting InkManComputerApplicationTests on DESKTOP-JMR9UNQ with PID 8108 (started by Admin in D:\工作站\SpringBoot\ink-man_computer)
2019-10-11 11:57:12.321 [main] INFO  c.q.inkman_computer.InkManComputerApplicationTests - No active profile set, falling back to default profiles: default
2019-10-11 11:57:16.001 [main] INFO  o.s.scheduling.concurrent.ThreadPoolTaskExecutor - Initializing ExecutorService 'applicationTaskExecutor'
2019-10-11 11:57:16.811 [main] INFO  c.q.inkman_computer.InkManComputerApplicationTests - Started InkManComputerApplicationTests in 5.826 seconds (JVM running for 7.826)
2019-10-11 11:57:17.136 [Thread-3] INFO  o.s.scheduling.concurrent.ThreadPoolTaskExecutor - Shutting down ExecutorService 'applicationTaskExecutor'
2019-10-11 14:06:12.755 [main] INFO  c.q.inkman_computer.InkManComputerApplicationTests - Starting InkManComputerApplicationTests on DESKTOP-JMR9UNQ with PID 8188 (started by Admin in D:\工作站\SpringBoot\ink-man_computer)
2019-10-11 14:06:12.757 [main] INFO  c.q.inkman_computer.InkManComputerApplicationTests - No active profile set, falling back to default profiles: default
2019-10-11 14:06:16.553 [main] INFO  o.s.scheduling.concurrent.ThreadPoolTaskExecutor - Initializing ExecutorService 'applicationTaskExecutor'
2019-10-11 14:06:17.469 [main] INFO  c.q.inkman_computer.InkManComputerApplicationTests - Started InkManComputerApplicationTests in 6.045 seconds (JVM running for 8.225)
2019-10-11 14:06:17.783 [Thread-3] INFO  o.s.scheduling.concurrent.ThreadPoolTaskExecutor - Shutting down ExecutorService 'applicationTaskExecutor'
2019-10-11 14:07:10.662 [main] INFO  c.q.inkman_computer.InkManComputerApplicationTests - Starting InkManComputerApplicationTests on DESKTOP-JMR9UNQ with PID 6632 (started by Admin in D:\工作站\SpringBoot\ink-man_computer)
2019-10-11 14:07:10.666 [main] INFO  c.q.inkman_computer.InkManComputerApplicationTests - No active profile set, falling back to default profiles: default
2019-10-11 14:07:14.508 [main] INFO  o.s.scheduling.concurrent.ThreadPoolTaskExecutor - Initializing ExecutorService 'applicationTaskExecutor'
2019-10-11 14:07:15.526 [main] INFO  c.q.inkman_computer.InkManComputerApplicationTests - Started InkManComputerApplicationTests in 6.397 seconds (JVM running for 8.42)
2019-10-11 14:07:15.902 [Thread-3] INFO  o.s.scheduling.concurrent.ThreadPoolTaskExecutor - Shutting down ExecutorService 'applicationTaskExecutor'
2019-10-11 14:09:17.799 [main] INFO  c.q.inkman_computer.InkManComputerApplicationTests - Starting InkManComputerApplicationTests on DESKTOP-JMR9UNQ with PID 14272 (started by Admin in D:\工作站\SpringBoot\ink-man_computer)
2019-10-11 14:09:17.803 [main] INFO  c.q.inkman_computer.InkManComputerApplicationTests - No active profile set, falling back to default profiles: default
2019-10-11 14:09:21.884 [main] INFO  o.s.scheduling.concurrent.ThreadPoolTaskExecutor - Initializing ExecutorService 'applicationTaskExecutor'
2019-10-11 14:09:23.009 [main] INFO  c.q.inkman_computer.InkManComputerApplicationTests - Started InkManComputerApplicationTests in 6.658 seconds (JVM running for 8.776)
2019-10-11 14:09:23.445 [Thread-3] INFO  o.s.scheduling.concurrent.ThreadPoolTaskExecutor - Shutting down ExecutorService 'applicationTaskExecutor'
2019-10-11 14:09:55.007 [main] INFO  c.q.inkman_computer.InkManComputerApplicationTests - Starting InkManComputerApplicationTests on DESKTOP-JMR9UNQ with PID 9280 (started by Admin in D:\工作站\SpringBoot\ink-man_computer)
2019-10-11 14:09:55.009 [main] INFO  c.q.inkman_computer.InkManComputerApplicationTests - No active profile set, falling back to default profiles: default
2019-10-11 14:09:59.042 [main] INFO  o.s.scheduling.concurrent.ThreadPoolTaskExecutor - Initializing ExecutorService 'applicationTaskExecutor'
2019-10-11 14:10:00.104 [main] INFO  c.q.inkman_computer.InkManComputerApplicationTests - Started InkManComputerApplicationTests in 6.451 seconds (JVM running for 8.509)
2019-10-11 14:10:01.268 [Thread-3] INFO  o.s.scheduling.concurrent.ThreadPoolTaskExecutor - Shutting down ExecutorService 'applicationTaskExecutor'
2019-10-11 14:10:25.791 [main] INFO  c.q.inkman_computer.InkManComputerApplicationTests - Starting InkManComputerApplicationTests on DESKTOP-JMR9UNQ with PID 12012 (started by Admin in D:\工作站\SpringBoot\ink-man_computer)
2019-10-11 14:10:25.793 [main] INFO  c.q.inkman_computer.InkManComputerApplicationTests - No active profile set, falling back to default profiles: default
2019-10-11 14:10:29.572 [main] INFO  o.s.scheduling.concurrent.ThreadPoolTaskExecutor - Initializing ExecutorService 'applicationTaskExecutor'
2019-10-11 14:10:30.535 [main] INFO  c.q.inkman_computer.InkManComputerApplicationTests - Started InkManComputerApplicationTests in 6.185 seconds (JVM running for 8.175)
2019-10-11 14:10:30.904 [Thread-3] INFO  o.s.scheduling.concurrent.ThreadPoolTaskExecutor - Shutting down ExecutorService 'applicationTaskExecutor'
2019-10-11 14:56:40.886 [main] INFO  c.q.inkman_computer.InkManComputerApplicationTests - Starting InkManComputerApplicationTests on DESKTOP-JMR9UNQ with PID 1636 (started by Admin in D:\工作站\SpringBoot\ink-man_computer)
2019-10-11 14:56:40.888 [main] INFO  c.q.inkman_computer.InkManComputerApplicationTests - No active profile set, falling back to default profiles: default
2019-10-11 14:56:45.004 [main] INFO  o.s.scheduling.concurrent.ThreadPoolTaskExecutor - Initializing ExecutorService 'applicationTaskExecutor'
2019-10-11 14:56:46.030 [main] INFO  c.q.inkman_computer.InkManComputerApplicationTests - Started InkManComputerApplicationTests in 6.527 seconds (JVM running for 8.691)
2019-10-11 14:56:46.478 [Thread-3] INFO  o.s.scheduling.concurrent.ThreadPoolTaskExecutor - Shutting down ExecutorService 'applicationTaskExecutor'
2019-10-11 14:59:21.887 [main] INFO  c.q.inkman_computer.InkManComputerApplicationTests - Starting InkManComputerApplicationTests on DESKTOP-JMR9UNQ with PID 11048 (started by Admin in D:\工作站\SpringBoot\ink-man_computer)
2019-10-11 14:59:21.890 [main] INFO  c.q.inkman_computer.InkManComputerApplicationTests - No active profile set, falling back to default profiles: default
2019-10-11 14:59:25.479 [main] INFO  o.s.scheduling.concurrent.ThreadPoolTaskExecutor - Initializing ExecutorService 'applicationTaskExecutor'
2019-10-11 14:59:26.336 [main] INFO  c.q.inkman_computer.InkManComputerApplicationTests - Started InkManComputerApplicationTests in 5.832 seconds (JVM running for 7.692)
2019-10-11 14:59:26.660 [Thread-3] INFO  o.s.scheduling.concurrent.ThreadPoolTaskExecutor - Shutting down ExecutorService 'applicationTaskExecutor'
2019-10-11 15:00:16.113 [main] INFO  c.q.inkman_computer.InkManComputerApplicationTests - Starting InkManComputerApplicationTests on DESKTOP-JMR9UNQ with PID 12992 (started by Admin in D:\工作站\SpringBoot\ink-man_computer)
2019-10-11 15:00:16.118 [main] INFO  c.q.inkman_computer.InkManComputerApplicationTests - No active profile set, falling back to default profiles: default
2019-10-11 15:00:19.758 [main] INFO  o.s.scheduling.concurrent.ThreadPoolTaskExecutor - Initializing ExecutorService 'applicationTaskExecutor'
2019-10-11 15:00:20.647 [main] INFO  c.q.inkman_computer.InkManComputerApplicationTests - Started InkManComputerApplicationTests in 5.842 seconds (JVM running for 7.734)
2019-10-11 15:00:22.023 [Thread-3] INFO  o.s.scheduling.concurrent.ThreadPoolTaskExecutor - Shutting down ExecutorService 'applicationTaskExecutor'
2019-10-11 15:01:15.722 [main] INFO  c.q.inkman_computer.InkManComputerApplicationTests - Starting InkManComputerApplicationTests on DESKTOP-JMR9UNQ with PID 9548 (started by Admin in D:\工作站\SpringBoot\ink-man_computer)
2019-10-11 15:01:15.726 [main] INFO  c.q.inkman_computer.InkManComputerApplicationTests - No active profile set, falling back to default profiles: default
2019-10-11 15:01:19.296 [main] INFO  o.s.scheduling.concurrent.ThreadPoolTaskExecutor - Initializing ExecutorService 'applicationTaskExecutor'
2019-10-11 15:01:20.254 [main] INFO  c.q.inkman_computer.InkManComputerApplicationTests - Started InkManComputerApplicationTests in 5.912 seconds (JVM running for 7.973)
2019-10-11 15:01:20.578 [Thread-3] INFO  o.s.scheduling.concurrent.ThreadPoolTaskExecutor - Shutting down ExecutorService 'applicationTaskExecutor'
2019-10-11 15:03:23.871 [main] INFO  c.q.inkman_computer.InkManComputerApplicationTests - Starting InkManComputerApplicationTests on DESKTOP-JMR9UNQ with PID 3036 (started by Admin in D:\工作站\SpringBoot\ink-man_computer)
2019-10-11 15:03:23.873 [main] INFO  c.q.inkman_computer.InkManComputerApplicationTests - No active profile set, falling back to default profiles: default
2019-10-11 15:03:27.594 [main] INFO  o.s.scheduling.concurrent.ThreadPoolTaskExecutor - Initializing ExecutorService 'applicationTaskExecutor'
2019-10-11 15:03:28.491 [main] INFO  c.q.inkman_computer.InkManComputerApplicationTests - Started InkManComputerApplicationTests in 6.145 seconds (JVM running for 7.97)
2019-10-11 15:03:28.877 [Thread-3] INFO  o.s.scheduling.concurrent.ThreadPoolTaskExecutor - Shutting down ExecutorService 'applicationTaskExecutor'
2019-10-11 15:04:56.428 [main] INFO  c.q.inkman_computer.InkManComputerApplicationTests - Starting InkManComputerApplicationTests on DESKTOP-JMR9UNQ with PID 10452 (started by Admin in D:\工作站\SpringBoot\ink-man_computer)
2019-10-11 15:04:56.430 [main] INFO  c.q.inkman_computer.InkManComputerApplicationTests - No active profile set, falling back to default profiles: default
2019-10-11 15:05:00.001 [main] INFO  o.s.scheduling.concurrent.ThreadPoolTaskExecutor - Initializing ExecutorService 'applicationTaskExecutor'
2019-10-11 15:05:02.097 [main] INFO  c.q.inkman_computer.InkManComputerApplicationTests - Started InkManComputerApplicationTests in 6.933 seconds (JVM running for 8.813)
2019-10-11 15:05:02.648 [Thread-3] INFO  o.s.scheduling.concurrent.ThreadPoolTaskExecutor - Shutting down ExecutorService 'applicationTaskExecutor'
2019-10-11 15:05:23.023 [main] INFO  c.q.inkman_computer.InkManComputerApplicationTests - Starting InkManComputerApplicationTests on DESKTOP-JMR9UNQ with PID 12872 (started by Admin in D:\工作站\SpringBoot\ink-man_computer)
2019-10-11 15:05:23.032 [main] INFO  c.q.inkman_computer.InkManComputerApplicationTests - No active profile set, falling back to default profiles: default
2019-10-11 15:05:26.685 [main] INFO  o.s.scheduling.concurrent.ThreadPoolTaskExecutor - Initializing ExecutorService 'applicationTaskExecutor'
2019-10-11 15:05:27.562 [main] INFO  c.q.inkman_computer.InkManComputerApplicationTests - Started InkManComputerApplicationTests in 5.862 seconds (JVM running for 8.058)
2019-10-11 15:05:27.904 [Thread-3] INFO  o.s.scheduling.concurrent.ThreadPoolTaskExecutor - Shutting down ExecutorService 'applicationTaskExecutor'
2019-10-11 15:06:16.338 [main] INFO  c.q.inkman_computer.InkManComputerApplicationTests - Starting InkManComputerApplicationTests on DESKTOP-JMR9UNQ with PID 9080 (started by Admin in D:\工作站\SpringBoot\ink-man_computer)
2019-10-11 15:06:16.341 [main] INFO  c.q.inkman_computer.InkManComputerApplicationTests - No active profile set, falling back to default profiles: default
2019-10-11 15:06:20.051 [main] INFO  o.s.scheduling.concurrent.ThreadPoolTaskExecutor - Initializing ExecutorService 'applicationTaskExecutor'
2019-10-11 15:06:20.982 [main] INFO  c.q.inkman_computer.InkManComputerApplicationTests - Started InkManComputerApplicationTests in 6.005 seconds (JVM running for 7.981)
2019-10-11 15:06:21.367 [Thread-3] INFO  o.s.scheduling.concurrent.ThreadPoolTaskExecutor - Shutting down ExecutorService 'applicationTaskExecutor'
2019-10-11 17:57:03.784 [main] INFO  c.q.inkman_computer.InkManComputerApplicationTests - Starting InkManComputerApplicationTests on DESKTOP-JMR9UNQ with PID 11572 (started by Admin in D:\工作站\SpringBoot\ink-man_computer)
2019-10-11 17:57:03.786 [main] INFO  c.q.inkman_computer.InkManComputerApplicationTests - No active profile set, falling back to default profiles: default
2019-10-11 17:57:12.488 [main] INFO  o.s.scheduling.concurrent.ThreadPoolTaskExecutor - Initializing ExecutorService 'applicationTaskExecutor'
2019-10-11 17:57:14.991 [main] INFO  c.q.inkman_computer.InkManComputerApplicationTests - Started InkManComputerApplicationTests in 13.46 seconds (JVM running for 17.654)
2019-10-11 17:57:16.017 [Thread-3] INFO  o.s.scheduling.concurrent.ThreadPoolTaskExecutor - Shutting down ExecutorService 'applicationTaskExecutor'
2019-10-11 17:57:21.579 [main] INFO  c.q.inkman_computer.InkManComputerApplicationTests - Starting InkManComputerApplicationTests on DESKTOP-JMR9UNQ with PID 1124 (started by Admin in D:\工作站\SpringBoot\ink-man_computer)
2019-10-11 17:57:21.581 [main] INFO  c.q.inkman_computer.InkManComputerApplicationTests - No active profile set, falling back to default profiles: default
2019-10-11 17:57:25.059 [main] INFO  o.s.scheduling.concurrent.ThreadPoolTaskExecutor - Initializing ExecutorService 'applicationTaskExecutor'
2019-10-11 17:57:25.910 [main] INFO  c.q.inkman_computer.InkManComputerApplicationTests - Started InkManComputerApplicationTests in 5.678 seconds (JVM running for 9.476)
2019-10-11 17:57:26.231 [Thread-3] INFO  o.s.scheduling.concurrent.ThreadPoolTaskExecutor - Shutting down ExecutorService 'applicationTaskExecutor'
